<?xml version="1.0" encoding="UTF-8"?>
<testsuite xmlns:xsi="http://www.w3.org/2001/XMLSchema-instance" xsi:schemaLocation="https://maven.apache.org/surefire/maven-surefire-plugin/xsd/surefire-test-report.xsd" name="Parallel01IT" time="29.704" tests="16" errors="2" skipped="10" failures="0">
  <properties>
[...]
</properties>
  <testcase name="Given Launch the App" classname="| swa10@yopmail.com | 123456 | jothe jotheyali | AndroidTV | UnSubscribed | English |" time="0.002"/>
  <testcase name="And Validate WelCome Screen" classname="| swa10@yopmail.com | 123456 | jothe jotheyali | AndroidTV | UnSubscribed | English |" time="0"/>
  <testcase name="When Click on Login button" classname="| swa10@yopmail.com | 123456 | jothe jotheyali | AndroidTV | UnSubscribed | English |" time="0"/>
  <testcase name="And Validate Authentication Code" classname="| swa10@yopmail.com | 123456 | jothe jotheyali | AndroidTV | UnSubscribed | English |" time="0"/>
  <testcase name="And Launch Browser and Authenticate the Device &quot;swa10@yopmail.com&quot; &quot;123456&quot;" classname="| swa10@yopmail.com | 123456 | jothe jotheyali | AndroidTV | UnSubscribed | English |" time="0.007">
    <error message="session not created: This version of ChromeDriver only supports Chrome version 85&#10;Build info: version: &apos;3.141.59&apos;, revision: &apos;e82be7d358&apos;, time: &apos;2018-11-14T08:17:03&apos;&#10;System info: host: &apos;LAXMI&apos;, ip: &apos;192.168.1.105&apos;, os.name: &apos;Windows 11&apos;, os.arch: &apos;amd64&apos;, os.version: &apos;10.0&apos;, java.version: &apos;17.0.8&apos;&#10;Driver info: driver.version: ChromeDriver&#10;remote stacktrace: Backtrace:&#10;	Ordinal0 [0x0116D383+3134339]&#10;	Ordinal0 [0x0105A171+2007409]&#10;	Ordinal0 [0x00EFAEE8+569064]&#10;	Ordinal0 [0x00E8139F+70559]&#10;	Ordinal0 [0x00E7CC63+52323]&#10;	Ordinal0 [0x00EA0DFC+200188]&#10;	Ordinal0 [0x00EA0C1D+199709]&#10;	Ordinal0 [0x00E9EB0B+191243]&#10;	Ordinal0 [0x00E82E77+77431]&#10;	Ordinal0 [0x00E83E3E+81470]&#10;	Ordinal0 [0x00E83DC9+81353]&#10;	Ordinal0 [0x01070CD9+2100441]&#10;	GetHandleVerifier [0x012DB75A+1396954]&#10;	GetHandleVerifier [0x012DB3D9+1396057]&#10;	GetHandleVerifier [0x012E7126+1444518]&#10;	GetHandleVerifier [0x012DBCE8+1398376]&#10;	Ordinal0 [0x01067F51+2064209]&#10;	Ordinal0 [0x010722EB+2106091]&#10;	Ordinal0 [0x01072411+2106385]&#10;	Ordinal0 [0x010849C4+2181572]&#10;	BaseThreadInitThunk [0x76627BA9+25]&#10;	RtlInitializeExceptionChain [0x774CBD3B+107]&#10;	RtlClearBits [0x774CBCBF+191]&#10;" type="org.openqa.selenium.SessionNotCreatedException">org.openqa.selenium.SessionNotCreatedException: 
session not created: This version of ChromeDriver only supports Chrome version 85
Build info: version: '3.141.59', revision: 'e82be7d358', time: '2018-11-14T08:17:03'
System info: host: 'LAXMI', ip: '192.168.1.105', os.name: 'Windows 11', os.arch: 'amd64', os.version: '10.0', java.version: '17.0.8'
Driver info: driver.version: ChromeDriver
remote stacktrace: Backtrace:
	Ordinal0 [0x0116D383+3134339]
	Ordinal0 [0x0105A171+2007409]
	Ordinal0 [0x00EFAEE8+569064]
	Ordinal0 [0x00E8139F+70559]
	Ordinal0 [0x00E7CC63+52323]
	Ordinal0 [0x00EA0DFC+200188]
	Ordinal0 [0x00EA0C1D+199709]
	Ordinal0 [0x00E9EB0B+191243]
	Ordinal0 [0x00E82E77+77431]
	Ordinal0 [0x00E83E3E+81470]
	Ordinal0 [0x00E83DC9+81353]
	Ordinal0 [0x01070CD9+2100441]
	GetHandleVerifier [0x012DB75A+1396954]
	GetHandleVerifier [0x012DB3D9+1396057]
	GetHandleVerifier [0x012E7126+1444518]
	GetHandleVerifier [0x012DBCE8+1398376]
	Ordinal0 [0x01067F51+2064209]
	Ordinal0 [0x010722EB+2106091]
	Ordinal0 [0x01072411+2106385]
	Ordinal0 [0x010849C4+2181572]
	BaseThreadInitThunk [0x76627BA9+25]
	RtlInitializeExceptionChain [0x774CBD3B+107]
	RtlClearBits [0x774CBCBF+191]

</error>
    <system-err><![CDATA[Starting ChromeDriver 85.0.4183.87 (cd6713ebf92fa1cacc0f1a598df280093af0c5d7-refs/branch-heads/4183@{#1689}) on port 63351
Only local connections are allowed.
Please see https://chromedriver.chromium.org/security-considerations for suggestions on keeping ChromeDriver safe.
ChromeDriver was started successfully.
]]></system-err>
  </testcase>
  <testcase name="| swa10@yopmail.com | 123456 | jothe jotheyali | AndroidTV | UnSubscribed | English |" classname="| swa10@yopmail.com | 123456 | jothe jotheyali | AndroidTV | UnSubscribed | English |" time="0.008">
    <error message="session not created: This version of ChromeDriver only supports Chrome version 85&#10;Build info: version: &apos;3.141.59&apos;, revision: &apos;e82be7d358&apos;, time: &apos;2018-11-14T08:17:03&apos;&#10;System info: host: &apos;LAXMI&apos;, ip: &apos;192.168.1.105&apos;, os.name: &apos;Windows 11&apos;, os.arch: &apos;amd64&apos;, os.version: &apos;10.0&apos;, java.version: &apos;17.0.8&apos;&#10;Driver info: driver.version: ChromeDriver&#10;remote stacktrace: Backtrace:&#10;	Ordinal0 [0x0116D383+3134339]&#10;	Ordinal0 [0x0105A171+2007409]&#10;	Ordinal0 [0x00EFAEE8+569064]&#10;	Ordinal0 [0x00E8139F+70559]&#10;	Ordinal0 [0x00E7CC63+52323]&#10;	Ordinal0 [0x00EA0DFC+200188]&#10;	Ordinal0 [0x00EA0C1D+199709]&#10;	Ordinal0 [0x00E9EB0B+191243]&#10;	Ordinal0 [0x00E82E77+77431]&#10;	Ordinal0 [0x00E83E3E+81470]&#10;	Ordinal0 [0x00E83DC9+81353]&#10;	Ordinal0 [0x01070CD9+2100441]&#10;	GetHandleVerifier [0x012DB75A+1396954]&#10;	GetHandleVerifier [0x012DB3D9+1396057]&#10;	GetHandleVerifier [0x012E7126+1444518]&#10;	GetHandleVerifier [0x012DBCE8+1398376]&#10;	Ordinal0 [0x01067F51+2064209]&#10;	Ordinal0 [0x010722EB+2106091]&#10;	Ordinal0 [0x01072411+2106385]&#10;	Ordinal0 [0x010849C4+2181572]&#10;	BaseThreadInitThunk [0x76627BA9+25]&#10;	RtlInitializeExceptionChain [0x774CBD3B+107]&#10;	RtlClearBits [0x774CBCBF+191]&#10;" type="org.openqa.selenium.SessionNotCreatedException">org.openqa.selenium.SessionNotCreatedException: 
session not created: This version of ChromeDriver only supports Chrome version 85
Build info: version: '3.141.59', revision: 'e82be7d358', time: '2018-11-14T08:17:03'
System info: host: 'LAXMI', ip: '192.168.1.105', os.name: 'Windows 11', os.arch: 'amd64', os.version: '10.0', java.version: '17.0.8'
Driver info: driver.version: ChromeDriver
remote stacktrace: Backtrace:
	Ordinal0 [0x0116D383+3134339]
	Ordinal0 [0x0105A171+2007409]
	Ordinal0 [0x00EFAEE8+569064]
	Ordinal0 [0x00E8139F+70559]
	Ordinal0 [0x00E7CC63+52323]
	Ordinal0 [0x00EA0DFC+200188]
	Ordinal0 [0x00EA0C1D+199709]
	Ordinal0 [0x00E9EB0B+191243]
	Ordinal0 [0x00E82E77+77431]
	Ordinal0 [0x00E83E3E+81470]
	Ordinal0 [0x00E83DC9+81353]
	Ordinal0 [0x01070CD9+2100441]
	GetHandleVerifier [0x012DB75A+1396954]
	GetHandleVerifier [0x012DB3D9+1396057]
	GetHandleVerifier [0x012E7126+1444518]
	GetHandleVerifier [0x012DBCE8+1398376]
	Ordinal0 [0x01067F51+2064209]
	Ordinal0 [0x010722EB+2106091]
	Ordinal0 [0x01072411+2106385]
	Ordinal0 [0x010849C4+2181572]
	BaseThreadInitThunk [0x76627BA9+25]
	RtlInitializeExceptionChain [0x774CBD3B+107]
	RtlClearBits [0x774CBCBF+191]

</error>
  </testcase>
  <testcase name="And Click On Continue button" classname="| swa10@yopmail.com | 123456 | jothe jotheyali | AndroidTV | UnSubscribed | English |" time="0">
    <skipped/>
  </testcase>
  <testcase name="Then Validate Home Screen &quot;English&quot;" classname="| swa10@yopmail.com | 123456 | jothe jotheyali | AndroidTV | UnSubscribed | English |" time="0">
    <skipped/>
  </testcase>
  <testcase name="And Click On Search Screen" classname="| swa10@yopmail.com | 123456 | jothe jotheyali | AndroidTV | UnSubscribed | English |" time="0">
    <skipped/>
  </testcase>
  <testcase name="And Verify Search Screen" classname="| swa10@yopmail.com | 123456 | jothe jotheyali | AndroidTV | UnSubscribed | English |" time="0">
    <skipped/>
  </testcase>
  <testcase name="And Search &quot;jothe jotheyali&quot; Content for &quot;AndroidTV&quot;" classname="| swa10@yopmail.com | 123456 | jothe jotheyali | AndroidTV | UnSubscribed | English |" time="0">
    <skipped/>
  </testcase>
  <testcase name="And Verify Searched Content &quot;jothe jotheyali&quot;" classname="| swa10@yopmail.com | 123456 | jothe jotheyali | AndroidTV | UnSubscribed | English |" time="0">
    <skipped/>
  </testcase>
  <testcase name="And Click On Search Content" classname="| swa10@yopmail.com | 123456 | jothe jotheyali | AndroidTV | UnSubscribed | English |" time="0">
    <skipped/>
  </testcase>
  <testcase name="And Click on Before TV Content" classname="| swa10@yopmail.com | 123456 | jothe jotheyali | AndroidTV | UnSubscribed | English |" time="0">
    <skipped/>
  </testcase>
  <testcase name="And Verify Before TV Pop Up for &quot;UnSubscribed&quot;" classname="| swa10@yopmail.com | 123456 | jothe jotheyali | AndroidTV | UnSubscribed | English |" time="0">
    <skipped/>
  </testcase>
  <testcase name="And Exit the App" classname="| swa10@yopmail.com | 123456 | jothe jotheyali | AndroidTV | UnSubscribed | English |" time="0">
    <skipped/>
  </testcase>
</testsuite>